[    53.262] (--) Log file renamed from "/home/mohammad/.local/share/xorg/Xorg.pid-809.log" to "/home/mohammad/.local/share/xorg/Xorg.0.log"
[    53.346] 
X.Org X Server 1.20.1
X Protocol Version 11, Revision 0
[    53.346] Build Operating System: Linux 4.4.0-140-generic x86_64 Ubuntu
[    53.346] Current Operating System: Linux ununtu-VirtualBox 4.18.0-20-generic #21~18.04.1-Ubuntu SMP Wed May 8 08:43:37 UTC 2019 x86_64
[    53.349] Kernel command line: BOOT_IMAGE=/boot/vmlinuz-4.18.0-20-generic root=UUID=25cd099d-6cc6-4e46-9da8-4ef6edb203f8 ro quiet splash
[    53.350] Build Date: 27 November 2018  05:27:12PM
[    53.350] xorg-server-hwe-18.04 2:1.20.1-3ubuntu2.1~18.04.1 (For technical support please see http://www.ubuntu.com/support) 
[    53.350] Current version of pixman: 0.34.0
[    53.350] 	Before reporting problems, check http://wiki.x.org
	to make sure that you have the latest version.
[    53.350] Markers: (--) probed, (**) from config file, (==) default setting,
	(++) from command line, (!!) notice, (II) informational,
	(WW) warning, (EE) error, (NI) not implemented, (??) unknown.
[    53.350] (==) Log file: "/home/mohammad/.local/share/xorg/Xorg.0.log", Time: Sun Jun 16 21:02:25 2019
[    53.398] (==) Using system config directory "/usr/share/X11/xorg.conf.d"
[    53.477] (==) No Layout section.  Using the first Screen section.
[    53.477] (==) No screen section available. Using defaults.
[    53.478] (**) |-->Screen "Default Screen Section" (0)
[    53.478] (**) |   |-->Monitor "<default monitor>"
[    53.487] (==) No monitor specified for screen "Default Screen Section".
	Using a default monitor configuration.
[    53.487] (==) Automatically adding devices
[    53.487] (==) Automatically enabling devices
[    53.487] (==) Automatically adding GPU devices
[    53.487] (==) Automatically binding GPU devices
[    53.487] (==) Max clients allowed: 256, resource mask: 0x1fffff
[    53.553] (WW) The directory "/usr/share/fonts/X11/cyrillic" does not exist.
[    53.553] 	Entry deleted from font path.
[    53.553] (WW) The directory "/usr/share/fonts/X11/100dpi/" does not exist.
[    53.553] 	Entry deleted from font path.
[    53.553] (WW) The directory "/usr/share/fonts/X11/75dpi/" does not exist.
[    53.553] 	Entry deleted from font path.
[    53.579] (WW) The directory "/usr/share/fonts/X11/100dpi" does not exist.
[    53.580] 	Entry deleted from font path.
[    53.580] (WW) The directory "/usr/share/fonts/X11/75dpi" does not exist.
[    53.580] 	Entry deleted from font path.
[    53.580] (==) FontPath set to:
	/usr/share/fonts/X11/misc,
	/usr/share/fonts/X11/Type1,
	built-ins
[    53.580] (==) ModulePath set to "/usr/lib/xorg/modules"
[    53.580] (II) The server relies on udev to provide the list of input devices.
	If no devices become available, reconfigure udev or disable AutoAddDevices.
[    53.580] (II) Loader magic: 0x5608bae0d020
[    53.580] (II) Module ABI versions:
[    53.580] 	X.Org ANSI C Emulation: 0.4
[    53.580] 	X.Org Video Driver: 24.0
[    53.580] 	X.Org XInput driver : 24.1
[    53.580] 	X.Org Server Extension : 10.0
[    53.585] (++) using VT number 1

[    53.614] (II) systemd-logind: took control of session /org/freedesktop/login1/session/_31
[    53.619] (II) xfree86: Adding drm device (/dev/dri/card0)
[    53.634] (II) systemd-logind: got fd for /dev/dri/card0 226:0 fd 12 paused 0
[    53.654] (--) PCI:*(0@0:2:0) 15ad:0405:15ad:0405 rev 0, Mem @ 0xf0000000/16777216, 0xf1000000/2097152, I/O @ 0x0000d010/16, BIOS @ 0x????????/131072
[    53.655] (II) LoadModule: "glx"
[    53.723] (II) Loading /usr/lib/xorg/modules/extensions/libglx.so
[    54.398] (II) Module glx: vendor="X.Org Foundation"
[    54.398] 	compiled for 1.20.1, module version = 1.0.0
[    54.399] 	ABI class: X.Org Server Extension, version 10.0
[    54.400] (==) Matched vmware as autoconfigured driver 0
[    54.402] (==) Matched modesetting as autoconfigured driver 1
[    54.402] (==) Matched fbdev as autoconfigured driver 2
[    54.402] (==) Matched vesa as autoconfigured driver 3
[    54.402] (==) Assigned the driver to the xf86ConfigLayout
[    54.402] (II) LoadModule: "vmware"
[    54.402] (II) Loading /usr/lib/xorg/modules/drivers/vmware_drv.so
[    56.218] (II) Module vmware: vendor="X.Org Foundation"
[    56.218] 	compiled for 1.20.1, module version = 13.3.0
[    56.219] 	Module class: X.Org Video Driver
[    56.219] 	ABI class: X.Org Video Driver, version 24.0
[    56.219] (II) LoadModule: "modesetting"
[    56.221] (II) Loading /usr/lib/xorg/modules/drivers/modesetting_drv.so
[    56.253] (II) Module modesetting: vendor="X.Org Foundation"
[    56.253] 	compiled for 1.20.1, module version = 1.20.1
[    56.254] 	Module class: X.Org Video Driver
[    56.255] 	ABI class: X.Org Video Driver, version 24.0
[    56.255] (II) LoadModule: "fbdev"
[    56.257] (II) Loading /usr/lib/xorg/modules/drivers/fbdev_drv.so
[    56.271] (II) Module fbdev: vendor="X.Org Foundation"
[    56.271] 	compiled for 1.20.1, module version = 0.5.0
[    56.273] 	Module class: X.Org Video Driver
[    56.273] 	ABI class: X.Org Video Driver, version 24.0
[    56.273] (II) LoadModule: "vesa"
[    56.275] (II) Loading /usr/lib/xorg/modules/drivers/vesa_drv.so
[    56.280] (II) Module vesa: vendor="X.Org Foundation"
[    56.280] 	compiled for 1.20.1, module version = 2.4.0
[    56.282] 	Module class: X.Org Video Driver
[    56.282] 	ABI class: X.Org Video Driver, version 24.0
[    56.282] (II) vmware: driver for VMware SVGA: vmware0405, vmware0710
[    56.282] (II) modesetting: Driver for Modesetting Kernel Drivers: kms
[    56.282] (II) FBDEV: driver for framebuffer: fbdev
[    56.283] (II) VESA: driver for VESA chipsets: vesa
[    56.285] xf86EnableIOPorts: failed to set IOPL for I/O (Operation not permitted)
[    56.285] (WW) Falling back to old probe method for modesetting
[    56.285] (WW) Falling back to old probe method for fbdev
[    56.285] (II) Loading sub module "fbdevhw"
[    56.285] (II) LoadModule: "fbdevhw"
[    56.286] (II) Loading /usr/lib/xorg/modules/libfbdevhw.so
[    56.308] (II) Module fbdevhw: vendor="X.Org Foundation"
[    56.308] 	compiled for 1.20.1, module version = 0.0.2
[    56.308] 	ABI class: X.Org Video Driver, version 24.0
[    56.308] (EE) open /dev/fb0: Permission denied
[    56.309] (WW) VGA arbiter: cannot open kernel arbiter, no multi-card support
[    56.309] (II) vmware(0): Creating default Display subsection in Screen section
	"Default Screen Section" for depth/fbbpp 24/32
[    56.309] (--) vmware(0): DRM driver version is 2.14.1
[    56.309] (==) vmware(0): Depth 24, (--) framebuffer bpp 32
[    56.309] (==) vmware(0): RGB weight 888
[    56.309] (==) vmware(0): Default visual is TrueColor
[    56.309] (--) vmware(0): Min width 1, Max Width 8192.
[    56.309] (--) vmware(0): Min height 1, Max Height 8192.
[    56.310] (II) vmware(0): Output Virtual1 has no monitor section
[    56.310] (II) vmware(0): Output Virtual2 has no monitor section
[    56.311] (II) vmware(0): Output Virtual3 has no monitor section
[    56.311] (II) vmware(0): Output Virtual4 has no monitor section
[    56.311] (II) vmware(0): Output Virtual5 has no monitor section
[    56.311] (II) vmware(0): Output Virtual6 has no monitor section
[    56.318] (II) vmware(0): Output Virtual7 has no monitor section
[    56.319] (II) vmware(0): Output Virtual8 has no monitor section
[    56.319] (II) vmware(0): Printing probed modes for output Virtual1
[    56.319] (II) vmware(0): Modeline "800x600"x60.0   42.75  800 850 900 950  600 650 700 750 -hsync +vsync (45.0 kHz eP)
[    56.319] (II) vmware(0): Modeline "2560x1600"x60.0  348.50  2560 2752 3032 3504  1600 1603 1609 1658 -hsync +vsync (99.5 kHz e)
[    56.319] (II) vmware(0): Modeline "1920x1440"x60.0  234.00  1920 2048 2256 2600  1440 1441 1444 1500 -hsync +vsync (90.0 kHz e)
[    56.319] (II) vmware(0): Modeline "1856x1392"x60.0  218.25  1856 1952 2176 2528  1392 1393 1396 1439 -hsync +vsync (86.3 kHz e)
[    56.319] (II) vmware(0): Modeline "1792x1344"x60.0  204.75  1792 1920 2120 2448  1344 1345 1348 1394 -hsync +vsync (83.6 kHz e)
[    56.322] (II) vmware(0): Modeline "1920x1200"x59.9  193.25  1920 2056 2256 2592  1200 1203 1209 1245 -hsync +vsync (74.6 kHz e)
[    56.322] (II) vmware(0): Modeline "1600x1200"x60.0  162.00  1600 1664 1856 2160  1200 1201 1204 1250 +hsync +vsync (75.0 kHz e)
[    56.322] (II) vmware(0): Modeline "1680x1050"x60.0  146.25  1680 1784 1960 2240  1050 1053 1059 1089 -hsync +vsync (65.3 kHz e)
[    56.323] (II) vmware(0): Modeline "1400x1050"x60.0  121.75  1400 1488 1632 1864  1050 1053 1057 1089 -hsync +vsync (65.3 kHz e)
[    56.323] (II) vmware(0): Modeline "1280x1024"x60.0  108.00  1280 1328 1440 1688  1024 1025 1028 1066 +hsync +vsync (64.0 kHz e)
[    56.323] (II) vmware(0): Modeline "1440x900"x59.9  106.50  1440 1520 1672 1904  900 903 909 934 -hsync +vsync (55.9 kHz e)
[    56.323] (II) vmware(0): Modeline "1280x960"x60.0  108.00  1280 1376 1488 1800  960 961 964 1000 +hsync +vsync (60.0 kHz e)
[    56.323] (II) vmware(0): Modeline "1360x768"x60.0   85.50  1360 1424 1536 1792  768 771 777 795 +hsync +vsync (47.7 kHz e)
[    56.323] (II) vmware(0): Modeline "1280x800"x59.8   83.50  1280 1352 1480 1680  800 803 809 831 +hsync -vsync (49.7 kHz e)
[    56.323] (II) vmware(0): Modeline "1152x864"x75.0  108.00  1152 1216 1344 1600  864 865 868 900 +hsync +vsync (67.5 kHz e)
[    56.323] (II) vmware(0): Modeline "1280x768"x59.9   79.50  1280 1344 1472 1664  768 771 778 798 -hsync +vsync (47.8 kHz e)
[    56.323] (II) vmware(0): Modeline "1024x768"x60.0   65.00  1024 1048 1184 1344  768 771 777 806 -hsync -vsync (48.4 kHz e)
[    56.323] (II) vmware(0): Modeline "800x600"x60.3   40.00  800 840 968 1056  600 601 605 628 +hsync +vsync (37.9 kHz e)
[    56.323] (II) vmware(0): Modeline "640x480"x59.9   25.18  640 656 752 800  480 489 492 525 -hsync -vsync (31.5 kHz e)
[    56.326] (II) vmware(0): EDID for output Virtual2
[    56.327] (II) vmware(0): EDID for output Virtual3
[    56.327] (II) vmware(0): EDID for output Virtual4
[    56.327] (II) vmware(0): EDID for output Virtual5
[    56.327] (II) vmware(0): EDID for output Virtual6
[    56.327] (II) vmware(0): EDID for output Virtual7
[    56.327] (II) vmware(0): EDID for output Virtual8
[    56.327] (II) vmware(0): Output Virtual1 connected
[    56.328] (II) vmware(0): Output Virtual2 disconnected
[    56.330] (II) vmware(0): Output Virtual3 disconnected
[    56.330] (II) vmware(0): Output Virtual4 disconnected
[    56.330] (II) vmware(0): Output Virtual5 disconnected
[    56.330] (II) vmware(0): Output Virtual6 disconnected
[    56.330] (II) vmware(0): Output Virtual7 disconnected
[    56.330] (II) vmware(0): Output Virtual8 disconnected
[    56.330] (II) vmware(0): Using exact sizes for initial modes
[    56.330] (II) vmware(0): Output Virtual1 using initial mode 800x600 +0+0
[    56.330] (==) vmware(0): DPI set to (96, 96)
[    56.331] (==) vmware(0): Using gamma correction (1.0, 1.0, 1.0)
[    56.331] (II) Loading sub module "fb"
[    56.331] (II) LoadModule: "fb"
[    56.331] (II) Loading /usr/lib/xorg/modules/libfb.so
[    56.364] (II) Module fb: vendor="X.Org Foundation"
[    56.364] 	compiled for 1.20.1, module version = 1.0.0
[    56.365] 	ABI class: X.Org ANSI C Emulation, version 0.4
[    56.365] (II) Loading sub module "dri2"
[    56.365] (II) LoadModule: "dri2"
[    56.365] (II) Module "dri2" already built-in
[    56.365] (II) Loading sub module "dri3"
[    56.365] (II) LoadModule: "dri3"
[    56.365] (II) Module "dri3" already built-in
[    56.365] (II) UnloadModule: "modesetting"
[    56.365] (II) Unloading modesetting
[    56.365] (II) UnloadModule: "fbdev"
[    56.365] (II) Unloading fbdev
[    56.365] (II) UnloadSubModule: "fbdevhw"
[    56.365] (II) Unloading fbdevhw
[    56.366] (II) UnloadModule: "vesa"
[    56.366] (II) Unloading vesa
[    56.386] (II) vmware(0): Initialized VMWARE_CTRL extension version 0.2
[    56.509] (WW) vmware(0): Failed to initialize Gallium3D Xa. No render acceleration available.
[    56.509] (WW) vmware(0): Skipped initialization of direct rendering due to lack of render acceleration.
[    56.510] (--) vmware(0): Render acceleration is disabled.
[    56.510] (==) vmware(0): Rendercheck mode is disabled.
[    56.511] (--) vmware(0): Direct rendering (DRI2 3D) is disabled.
[    56.511] (--) vmware(0): Direct rendering (DRI3 3D) is disabled.
[    56.512] (==) vmware(0): Backing store enabled
[    56.512] (==) vmware(0): Silken mouse enabled
[    56.563] (==) vmware(0): DPMS enabled
[    56.564] (II) vmware(0): No 3D acceleration. Not setting up textured video.
[    56.565] (WW) vmware(0): Disabling Xv because no adaptors could be initialized.
[    56.566] (II) Initializing extension Generic Event Extension
[    56.569] (II) Initializing extension SHAPE
[    56.571] (II) Initializing extension MIT-SHM
[    56.573] (II) Initializing extension XInputExtension
[    56.577] (II) Initializing extension XTEST
[    56.578] (II) Initializing extension BIG-REQUESTS
[    56.580] (II) Initializing extension SYNC
[    56.581] (II) Initializing extension XKEYBOARD
[    56.583] (II) Initializing extension XC-MISC
[    56.585] (II) Initializing extension SECURITY
[    56.587] (II) Initializing extension XFIXES
[    56.589] (II) Initializing extension RENDER
[    56.591] (II) Initializing extension RANDR
[    56.593] (II) Initializing extension COMPOSITE
[    56.594] (II) Initializing extension DAMAGE
[    56.596] (II) Initializing extension MIT-SCREEN-SAVER
[    56.597] (II) Initializing extension DOUBLE-BUFFER
[    56.597] (II) Initializing extension RECORD
[    56.598] (II) Initializing extension DPMS
[    56.599] (II) Initializing extension Present
[    56.600] (II) Initializing extension DRI3
[    56.600] (II) Initializing extension X-Resource
[    56.601] (II) Initializing extension XVideo
[    56.602] (II) Initializing extension XVideo-MotionCompensation
[    56.602] (II) Initializing extension SELinux
[    56.602] (II) SELinux: Disabled on system
[    56.602] (II) Initializing extension GLX
[    56.603] (II) AIGLX: Screen 0 is not DRI2 capable
[    57.261] (II) IGLX: Loaded and initialized swrast
[    57.261] (II) GLX: Initialized DRISWRAST GL provider for screen 0
[    57.262] (II) Initializing extension XFree86-VidModeExtension
[    57.263] (II) Initializing extension XFree86-DGA
[    57.265] (II) Initializing extension XFree86-DRI
[    57.267] (II) Initializing extension DRI2
[    57.281] (II) vmware(0): Setting screen physical size to 211 x 158
[    57.922] (II) config/udev: Adding input device Power Button (/dev/input/event0)
[    57.922] (**) Power Button: Applying InputClass "libinput keyboard catchall"
[    57.922] (II) LoadModule: "libinput"
[    57.923] (II) Loading /usr/lib/xorg/modules/input/libinput_drv.so
[    58.063] (II) Module libinput: vendor="X.Org Foundation"
[    58.064] 	compiled for 1.20.1, module version = 0.28.1
[    58.065] 	Module class: X.Org XInput Driver
[    58.065] 	ABI class: X.Org XInput driver, version 24.1
[    58.065] (II) Using input driver 'libinput' for 'Power Button'
[    58.077] (II) systemd-logind: got fd for /dev/input/event0 13:64 fd 20 paused 0
[    58.080] (**) Power Button: always reports core events
[    58.080] (**) Option "Device" "/dev/input/event0"
[    58.081] (**) Option "_source" "server/udev"
[    58.085] (II) event0  - Power Button: is tagged by udev as: Keyboard
[    58.086] (II) event0  - Power Button: device is a keyboard
[    58.086] (II) event0  - Power Button: device removed
[    58.087] (**) Option "config_info" "udev:/sys/devices/LNXSYSTM:00/LNXPWRBN:00/input/input0/event0"
[    58.088] (II) XINPUT: Adding extended input device "Power Button" (type: KEYBOARD, id 6)
[    58.088] (**) Option "xkb_model" "pc105"
[    58.089] (**) Option "xkb_layout" "us"
[    58.092] (II) event0  - Power Button: is tagged by udev as: Keyboard
[    58.093] (II) event0  - Power Button: device is a keyboard
[    58.096] (II) config/udev: Adding input device Sleep Button (/dev/input/event1)
[    58.097] (**) Sleep Button: Applying InputClass "libinput keyboard catchall"
[    58.097] (II) Using input driver 'libinput' for 'Sleep Button'
[    58.103] (II) systemd-logind: got fd for /dev/input/event1 13:65 fd 23 paused 0
[    58.103] (**) Sleep Button: always reports core events
[    58.103] (**) Option "Device" "/dev/input/event1"
[    58.104] (**) Option "_source" "server/udev"
[    58.105] (II) event1  - Sleep Button: is tagged by udev as: Keyboard
[    58.106] (II) event1  - Sleep Button: device is a keyboard
[    58.106] (II) event1  - Sleep Button: device removed
[    58.106] (**) Option "config_info" "udev:/sys/devices/LNXSYSTM:00/LNXSLPBN:00/input/input1/event1"
[    58.107] (II) XINPUT: Adding extended input device "Sleep Button" (type: KEYBOARD, id 7)
[    58.107] (**) Option "xkb_model" "pc105"
[    58.107] (**) Option "xkb_layout" "us"
[    58.109] (II) event1  - Sleep Button: is tagged by udev as: Keyboard
[    58.109] (II) event1  - Sleep Button: device is a keyboard
[    58.110] (II) config/udev: Adding input device Video Bus (/dev/input/event6)
[    58.111] (**) Video Bus: Applying InputClass "libinput keyboard catchall"
[    58.111] (II) Using input driver 'libinput' for 'Video Bus'
[    58.117] (II) systemd-logind: got fd for /dev/input/event6 13:70 fd 24 paused 0
[    58.118] (**) Video Bus: always reports core events
[    58.118] (**) Option "Device" "/dev/input/event6"
[    58.118] (**) Option "_source" "server/udev"
[    58.119] (II) event6  - Video Bus: is tagged by udev as: Keyboard
[    58.120] (II) event6  - Video Bus: device is a keyboard
[    58.120] (II) event6  - Video Bus: device removed
[    58.120] (**) Option "config_info" "udev:/sys/devices/LNXSYSTM:00/LNXSYBUS:00/PNP0A03:00/LNXVIDEO:00/input/input7/event6"
[    58.121] (II) XINPUT: Adding extended input device "Video Bus" (type: KEYBOARD, id 8)
[    58.121] (**) Option "xkb_model" "pc105"
[    58.121] (**) Option "xkb_layout" "us"
[    58.123] (II) event6  - Video Bus: is tagged by udev as: Keyboard
[    58.123] (II) event6  - Video Bus: device is a keyboard
[    58.126] (II) config/udev: Adding input device VirtualBox mouse integration (/dev/input/event5)
[    58.127] (**) VirtualBox mouse integration: Applying InputClass "libinput pointer catchall"
[    58.127] (II) Using input driver 'libinput' for 'VirtualBox mouse integration'
[    58.131] (II) systemd-logind: got fd for /dev/input/event5 13:69 fd 25 paused 0
[    58.132] (**) VirtualBox mouse integration: always reports core events
[    58.132] (**) Option "Device" "/dev/input/event5"
[    58.132] (**) Option "_source" "server/udev"
[    58.133] (II) event5  - VirtualBox mouse integration: is tagged by udev as: Mouse
[    58.133] (II) event5  - VirtualBox mouse integration: device is a pointer
[    58.133] (II) event5  - VirtualBox mouse integration: device removed
[    58.133] (**) Option "config_info" "udev:/sys/devices/pci0000:00/0000:00:04.0/input/input6/event5"
[    58.133] (II) XINPUT: Adding extended input device "VirtualBox mouse integration" (type: MOUSE, id 9)
[    58.134] (**) Option "AccelerationScheme" "none"
[    58.134] (**) VirtualBox mouse integration: (accel) selected scheme none/0
[    58.134] (**) VirtualBox mouse integration: (accel) acceleration factor: 2.000
[    58.134] (**) VirtualBox mouse integration: (accel) acceleration threshold: 4
[    58.135] (II) event5  - VirtualBox mouse integration: is tagged by udev as: Mouse
[    58.135] (II) event5  - VirtualBox mouse integration: device is a pointer
[    58.136] (II) config/udev: Adding input device VirtualBox mouse integration (/dev/input/js1)
[    58.136] (II) No input driver specified, ignoring this device.
[    58.136] (II) This device may have been added with another device file.
[    58.137] (II) config/udev: Adding input device VirtualBox USB Tablet (/dev/input/event4)
[    58.137] (**) VirtualBox USB Tablet: Applying InputClass "libinput pointer catchall"
[    58.138] (II) Using input driver 'libinput' for 'VirtualBox USB Tablet'
[    58.205] (II) systemd-logind: got fd for /dev/input/event4 13:68 fd 26 paused 0
[    58.206] (**) VirtualBox USB Tablet: always reports core events
[    58.206] (**) Option "Device" "/dev/input/event4"
[    58.207] (**) Option "_source" "server/udev"
[    58.210] (II) event4  - VirtualBox USB Tablet: is tagged by udev as: Mouse
[    58.211] (II) event4  - VirtualBox USB Tablet: device is a pointer
[    58.211] (II) event4  - VirtualBox USB Tablet: device removed
[    58.212] (**) Option "config_info" "udev:/sys/devices/pci0000:00/0000:00:06.0/usb1/1-1/1-1:1.0/0003:80EE:0021.0001/input/input5/event4"
[    58.213] (II) XINPUT: Adding extended input device "VirtualBox USB Tablet" (type: MOUSE, id 10)
[    58.214] (**) Option "AccelerationScheme" "none"
[    58.215] (**) VirtualBox USB Tablet: (accel) selected scheme none/0
[    58.215] (**) VirtualBox USB Tablet: (accel) acceleration factor: 2.000
[    58.216] (**) VirtualBox USB Tablet: (accel) acceleration threshold: 4
[    58.219] (II) event4  - VirtualBox USB Tablet: is tagged by udev as: Mouse
[    58.219] (II) event4  - VirtualBox USB Tablet: device is a pointer
[    58.222] (II) config/udev: Adding input device VirtualBox USB Tablet (/dev/input/js0)
[    58.223] (II) No input driver specified, ignoring this device.
[    58.223] (II) This device may have been added with another device file.
[    58.226] (II) config/udev: Adding input device VirtualBox USB Tablet (/dev/input/mouse1)
[    58.227] (II) No input driver specified, ignoring this device.
[    58.227] (II) This device may have been added with another device file.
[    58.230] (II) config/udev: Adding input device AT Translated Set 2 keyboard (/dev/input/event2)
[    58.231] (**) AT Translated Set 2 keyboard: Applying InputClass "libinput keyboard catchall"
[    58.231] (II) Using input driver 'libinput' for 'AT Translated Set 2 keyboard'
[    58.243] (II) systemd-logind: got fd for /dev/input/event2 13:66 fd 27 paused 0
[    58.244] (**) AT Translated Set 2 keyboard: always reports core events
[    58.244] (**) Option "Device" "/dev/input/event2"
[    58.245] (**) Option "_source" "server/udev"
[    58.248] (II) event2  - AT Translated Set 2 keyboard: is tagged by udev as: Keyboard
[    58.248] (II) event2  - AT Translated Set 2 keyboard: device is a keyboard
[    58.248] (II) event2  - AT Translated Set 2 keyboard: device removed
[    58.248] (**) Option "config_info" "udev:/sys/devices/platform/i8042/serio0/input/input2/event2"
[    58.249] (II) XINPUT: Adding extended input device "AT Translated Set 2 keyboard" (type: KEYBOARD, id 11)
[    58.249] (**) Option "xkb_model" "pc105"
[    58.249] (**) Option "xkb_layout" "us"
[    58.251] (II) event2  - AT Translated Set 2 keyboard: is tagged by udev as: Keyboard
[    58.251] (II) event2  - AT Translated Set 2 keyboard: device is a keyboard
[    58.253] (II) config/udev: Adding input device ImExPS/2 Generic Explorer Mouse (/dev/input/event3)
[    58.253] (**) ImExPS/2 Generic Explorer Mouse: Applying InputClass "libinput pointer catchall"
[    58.253] (II) Using input driver 'libinput' for 'ImExPS/2 Generic Explorer Mouse'
[    58.259] (II) systemd-logind: got fd for /dev/input/event3 13:67 fd 28 paused 0
[    58.260] (**) ImExPS/2 Generic Explorer Mouse: always reports core events
[    58.260] (**) Option "Device" "/dev/input/event3"
[    58.260] (**) Option "_source" "server/udev"
[    58.262] (II) event3  - ImExPS/2 Generic Explorer Mouse: is tagged by udev as: Mouse
[    58.262] (II) event3  - ImExPS/2 Generic Explorer Mouse: device is a pointer
[    58.263] (II) event3  - ImExPS/2 Generic Explorer Mouse: device removed
[    58.263] (**) Option "config_info" "udev:/sys/devices/platform/i8042/serio1/input/input4/event3"
[    58.264] (II) XINPUT: Adding extended input device "ImExPS/2 Generic Explorer Mouse" (type: MOUSE, id 12)
[    58.264] (**) Option "AccelerationScheme" "none"
[    58.265] (**) ImExPS/2 Generic Explorer Mouse: (accel) selected scheme none/0
[    58.265] (**) ImExPS/2 Generic Explorer Mouse: (accel) acceleration factor: 2.000
[    58.266] (**) ImExPS/2 Generic Explorer Mouse: (accel) acceleration threshold: 4
[    58.267] (II) event3  - ImExPS/2 Generic Explorer Mouse: is tagged by udev as: Mouse
[    58.267] (II) event3  - ImExPS/2 Generic Explorer Mouse: device is a pointer
[    58.269] (II) config/udev: Adding input device ImExPS/2 Generic Explorer Mouse (/dev/input/mouse0)
[    58.269] (II) No input driver specified, ignoring this device.
[    58.269] (II) This device may have been added with another device file.
